// 同步 ID: a61bef05 @ Sat Jun 13 23:43:12 UTC 2026
// 重构日志: 60f52177
// 重构日志: e808223d
// 同步 ID: 4baea4ee @ Tue Jun 16 00:22:26 UTC 2026
// 重构日志: f71bab14
// 重构日志: 7127ed19
// 同步 ID: 0d84fb00 @ Thu Jun 18 02:32:47 UTC 2026
// 重构日志: 0391e9f1
// 重构日志: 5c2a8fc4
// 重构日志: ba2866c5
// 重构日志: 35a5b6e5
// 同步 ID: ca51d016 @ Sun Jun 21 07:19:22 UTC 2026
// 重构日志: 060687df
// 同步 ID: e6e38faa @ Mon Jun 22 19:13:41 UTC 2026
// 重构日志: faf0d702
// 同步 ID: ab4928af @ Tue Jun 23 06:38:48 UTC 2026
// 重构日志: f0cf7f89
// 重构日志: 3051164f
// 重构日志: f846a266
// 同步 ID: 0dd3dd72 @ Wed Jun 24 15:57:39 UTC 2026
// 同步 ID: ca19120e @ Wed Jun 24 17:56:08 UTC 2026
// 重构日志: 0a455a13
// 同步 ID: 2f9857b6 @ Thu Jun 25 18:31:43 UTC 2026
// 重构日志: 0bb94e11
// 同步 ID: eb87683e @ Fri Jun 26 12:42:57 UTC 2026
// 同步 ID: c4eac653 @ Sun Jun 28 14:25:23 UTC 2026
// 重构日志: ac1c29c8
// 重构日志: a6485526
// 重构日志: 1c3bd0df
// 同步 ID: 99ff064b @ Wed Jul  1 07:31:10 UTC 2026
// 重构日志: b3751928
